# JRE version: 7.0_25-b17
# Java VM: Java HotSpot(TM) Client VM (23.25-b01 mixed mode, sharing windows-x86 )
Heap
 def new generation   total 4928K, used 942K [0x243f0000, 0x24940000, 0x29940000)
  eden space 4416K,   9% used [0x243f0000, 0x2445bbe8, 0x24840000)
  from space 512K,  99% used [0x248c0000, 0x2493fff8, 0x24940000)
  to   space 512K,   0% used [0x24840000, 0x24840000, 0x248c0000)
 tenured generation   total 10944K, used 1036K [0x29940000, 0x2a3f0000, 0x343f0000)
   the space 10944K,   9% used [0x29940000, 0x29a432d0, 0x29a43400, 0x2a3f0000)
 compacting perm gen  total 12288K, used 2025K [0x343f0000, 0x34ff0000, 0x383f0000)
   the space 12288K,  16% used [0x343f0000, 0x345ea420, 0x345ea600, 0x34ff0000)
    ro space 10240K,  45% used [0x383f0000, 0x38879b28, 0x38879c00, 0x38df0000)
    rw space 12288K,  54% used [0x38df0000, 0x3947d0e8, 0x3947d200, 0x399f0000)
GC Heap History (6 events):
Event: 26.831 GC heap before
{Heap before GC invocations=0 (full 0):
 def new generation   total 4928K, used 4416K [0x243f0000, 0x24940000, 0x29940000)
  eden space 4416K, 100% used [0x243f0000, 0x24840000, 0x24840000)
  from space 512K,   0% used [0x24840000, 0x24840000, 0x248c0000)
  to   space 512K,   0% used [0x248c0000, 0x248c0000, 0x24940000)
 tenured generation   total 10944K, used 0K [0x29940000, 0x2a3f0000, 0x343f0000)
   the space 10944K,   0% used [0x29940000, 0x29940000, 0x29940200, 0x2a3f0000)
 compacting perm gen  total 12288K, used 1732K [0x343f0000, 0x34ff0000, 0x383f0000)
   the space 12288K,  14% used [0x343f0000, 0x345a1340, 0x345a1400, 0x34ff0000)
    ro space 10240K,  45% used [0x383f0000, 0x38879b28, 0x38879c00, 0x38df0000)
    rw space 12288K,  54% used [0x38df0000, 0x3947d0e8, 0x3947d200, 0x399f0000)
Event: 26.866 GC heap after
Heap after GC invocations=1 (full 0):
 def new generation   total 4928K, used 512K [0x243f0000, 0x24940000, 0x29940000)
  eden space 4416K,   0% used [0x243f0000, 0x243f0000, 0x24840000)
  from space 512K, 100% used [0x248c0000, 0x24940000, 0x24940000)
  to   space 512K,   0% used [0x24840000, 0x24840000, 0x248c0000)
 tenured generation   total 10944K, used 524K [0x29940000, 0x2a3f0000, 0x343f0000)
   the space 10944K,   4% used [0x29940000, 0x299c3348, 0x299c3400, 0x2a3f0000)
 compacting perm gen  total 12288K, used 1732K [0x343f0000, 0x34ff0000, 0x383f0000)
   the space 12288K,  14% used [0x343f0000, 0x345a1340, 0x345a1400, 0x34ff0000)
    ro space 10240K,  45% used [0x383f0000, 0x38879b28, 0x38879c00, 0x38df0000)
    rw space 12288K,  54% used [0x38df0000, 0x3947d0e8, 0x3947d200, 0x399f0000)
}
Event: 26.975 GC heap before
{Heap before GC invocations=1 (full 0):
 def new generation   total 4928K, used 4928K [0x243f0000, 0x24940000, 0x29940000)
  eden space 4416K, 100% used [0x243f0000, 0x24840000, 0x24840000)
  from space 512K, 100% used [0x248c0000, 0x24940000, 0x24940000)
  to   space 512K,   0% used [0x24840000, 0x24840000, 0x248c0000)
 tenured generation   total 10944K, used 524K [0x29940000, 0x2a3f0000, 0x343f0000)
   the space 10944K,   4% used [0x29940000, 0x299c3348, 0x299c3400, 0x2a3f0000)
 compacting perm gen  total 12288K, used 1734K [0x343f0000, 0x34ff0000, 0x383f0000)
   the space 12288K,  14% used [0x343f0000, 0x345a19f0, 0x345a1a00, 0x34ff0000)
    ro space 10240K,  45% used [0x383f0000, 0x38879b28, 0x38879c00, 0x38df0000)
    rw space 12288K,  54% used [0x38df0000, 0x3947d0e8, 0x3947d200, 0x399f0000)
Event: 26.982 GC heap after
Heap after GC invocations=2 (full 0):
 def new generation   total 4928K, used 44K [0x243f0000, 0x24940000, 0x29940000)
  eden space 4416K,   0% used [0x243f0000, 0x243f0000, 0x24840000)
  from space 512K,   8% used [0x24840000, 0x2484b368, 0x248c0000)
  to   space 512K,   0% used [0x248c0000, 0x248c0000, 0x24940000)
 tenured generation   total 10944K, used 1033K [0x29940000, 0x2a3f0000, 0x343f0000)
   the space 10944K,   9% used [0x29940000, 0x29a42600, 0x29a42600, 0x2a3f0000)
 compacting perm gen  total 12288K, used 1734K [0x343f0000, 0x34ff0000, 0x383f0000)
   the space 12288K,  14% used [0x343f0000, 0x345a19f0, 0x345a1a00, 0x34ff0000)
    ro space 10240K,  45% used [0x383f0000, 0x38879b28, 0x38879c00, 0x38df0000)
    rw space 12288K,  54% used [0x38df0000, 0x3947d0e8, 0x3947d200, 0x399f0000)
}
Event: 84.880 GC heap before
{Heap before GC invocations=2 (full 0):
 def new generation   total 4928K, used 4460K [0x243f0000, 0x24940000, 0x29940000)
  eden space 4416K, 100% used [0x243f0000, 0x24840000, 0x24840000)
  from space 512K,   8% used [0x24840000, 0x2484b368, 0x248c0000)
  to   space 512K,   0% used [0x248c0000, 0x248c0000, 0x24940000)
 tenured generation   total 10944K, used 1033K [0x29940000, 0x2a3f0000, 0x343f0000)
   the space 10944K,   9% used [0x29940000, 0x29a42600, 0x29a42600, 0x2a3f0000)
 compacting perm gen  total 12288K, used 2015K [0x343f0000, 0x34ff0000, 0x383f0000)
   the space 12288K,  16% used [0x343f0000, 0x345e7e08, 0x345e8000, 0x34ff0000)
    ro space 10240K,  45% used [0x383f0000, 0x38879b28, 0x38879c00, 0x38df0000)
    rw space 12288K,  54% used [0x38df0000, 0x3947d0e8, 0x3947d200, 0x399f0000)
Event: 84.896 GC heap after
Heap after GC invocations=3 (full 0):
 def new generation   total 4928K, used 511K [0x243f0000, 0x24940000, 0x29940000)
  eden space 4416K,   0% used [0x243f0000, 0x243f0000, 0x24840000)
  from space 512K,  99% used [0x248c0000, 0x2493fff8, 0x24940000)
  to   space 512K,   0% used [0x24840000, 0x24840000, 0x248c0000)
 tenured generation   total 10944K, used 1036K [0x29940000, 0x2a3f0000, 0x343f0000)
   the space 10944K,   9% used [0x29940000, 0x29a432d0, 0x29a43400, 0x2a3f0000)
 compacting perm gen  total 12288K, used 2015K [0x343f0000, 0x34ff0000, 0x383f0000)
   the space 12288K,  16% used [0x343f0000, 0x345e7e08, 0x345e8000, 0x34ff0000)
    ro space 10240K,  45% used [0x383f0000, 0x38879b28, 0x38879c00, 0x38df0000)
    rw space 12288K,  54% used [0x38df0000, 0x3947d0e8, 0x3947d200, 0x399f0000)
}

